#
# There is insufficient memory for the Java Runtime Environment to continue.
# Native memory allocation (malloc) failed to allocate 1254680 bytes. Error detail: Chunk::new
# Possible reasons:
#   The system is out of physical RAM or swap space
#   This process is running with CompressedOops enabled, and the Java Heap may be blocking the growth of the native heap
# Possible solutions:
#   Reduce memory load on the system
#   Increase physical memory or swap space
#   Check if swap backing store is full
#   Decrease Java heap size (-Xmx/-Xms)
#   Decrease number of Java threads
#   Decrease Java thread stack sizes (-Xss)
#   Set larger code cache with -XX:ReservedCodeCacheSize=
#   JVM is running with Unscaled Compressed Oops mode in which the Java heap is
#     placed in the first 4GB address space. The Java Heap base address is the
#     maximum limit for the native heap growth. Please use -XX:HeapBaseMinAddress
#     to set the Java Heap base and to place the Java Heap above 4GB virtual address.
# This output file may be truncated or incomplete.
#
#  Out of Memory Error (arena.cpp:186), pid=21528, tid=23752
#
# JRE version: Java(TM) SE Runtime Environment (25.0.2+10) (build 25.0.2+10-LTS-69)
# Java VM: Java HotSpot(TM) 64-Bit Server VM (25.0.2+10-LTS-69, mixed mode, sharing, tiered, compressed oops, compressed class ptrs, g1 gc, windows-amd64)
# No core dump will be written. Minidumps are not enabled by default on client versions of Windows
#

---------------  S U M M A R Y ------------

Command Line: --enable-native-access=ALL-UNNAMED -Dclassworlds.conf=C:\Users\ragha\.m2\wrapper\dists\apache-maven-3.9.12\59fe215c0ad6947fea90184bf7add084544567b927287592651fda3782e0e798\bin\m2.conf -Dmaven.home=C:\Users\ragha\.m2\wrapper\dists\apache-maven-3.9.12\59fe215c0ad6947fea90184bf7add084544567b927287592651fda3782e0e798 -Dlibrary.jansi.path=C:\Users\ragha\.m2\wrapper\dists\apache-maven-3.9.12\59fe215c0ad6947fea90184bf7add084544567b927287592651fda3782e0e798\lib\jansi-native -Dmaven.multiModuleProjectDirectory=C:\Users\ragha\OneDrive\Desktop\backend org.codehaus.plexus.classworlds.launcher.Launcher spring-boot:run

Host: Intel(R) Core(TM) i7-8650U CPU @ 1.90GHz, 8 cores, 7G,  Windows 11 , 64 bit Build 26100 (10.0.26100.7920)
Time: Mon Mar 23 07:10:00 2026 India Standard Time elapsed time: 2.543087 seconds (0d 0h 0m 2s)

---------------  T H R E A D  ---------------

Current thread (0x000001a17f1301a0):  JavaThread "C2 CompilerThread0" daemon [_thread_in_native, id=23752, stack(0x0000006558800000,0x0000006558900000) (1024K)]


Current CompileTask:
C2:2543 3657       4       org.codehaus.plexus.util.xml.pull.MXParser::getText (125 bytes)

Stack: [0x0000006558800000,0x0000006558900000]
Native frames: (J=compiled Java code, j=interpreted, Vv=VM code, C=native code)
V  [jvm.dll+0x7a70f9]  (no source info available)
V  [jvm.dll+0x772d6d]  (no source info available)
V  [jvm.dll+0x965d53]  (no source info available)
V  [jvm.dll+0x968351]  (no source info available)
V  [jvm.dll+0x968a63]  (no source info available)
V  [jvm.dll+0x2fc846]  (no source info available)
V  [jvm.dll+0x111b16]  (no source info available)
V  [jvm.dll+0x111e3e]  (no source info available)
V  [jvm.dll+0x1a0872]  (no source info available)
V  [jvm.dll+0x3b54c2]  (no source info available)
V  [jvm.dll+0x7aca8f]  (no source info available)
V  [jvm.dll+0x2c0b97]  (no source info available)
V  [jvm.dll+0x2bfb5f]  (no source info available)
V  [jvm.dll+0x2379a0]  (no source info available)
V  [jvm.dll+0x2cfc86]  (no source info available)
V  [jvm.dll+0x2cdf05]  (no source info available)
V  [jvm.dll+0x48e9d1]  (no source info available)
V  [jvm.dll+0x906fcd]  (no source info available)
V  [jvm.dll+0x7a56d5]  (no source info available)
C  [ucrtbase.dll+0x37b0]  (no source info available)
C  [KERNEL32.DLL+0x2e8d7]  (no source info available)
C  [ntdll.dll+0x8c48c]  (no source info available)

Lock stack of current Java thread (top to bottom):


---------------  P R O C E S S  ---------------

Threads class SMR info:
_java_thread_list=0x000001a1153545c0, length=14, elements={
0x000001a171060eb0, 0x000001a17f111460, 0x000001a17f111c20, 0x000001a17f113120,
0x000001a17f1145c0, 0x000001a17f126ce0, 0x000001a17f126510, 0x000001a17f1301a0,
0x000001a17f132dc0, 0x000001a17f125d40, 0x000001a17f1293f0, 0x000001a17f2a7cd0,
0x000001a1151e16f0, 0x000001a17f120c10
}

Java Threads: ( => current thread )
  0x000001a171060eb0 JavaThread "main"                              [_thread_in_Java, id=23396, stack(0x0000006557a00000,0x0000006557b00000) (1024K)]
  0x000001a17f111460 JavaThread "Reference Handler"          daemon [_thread_blocked, id=18592, stack(0x0000006558200000,0x0000006558300000) (1024K)]
  0x000001a17f111c20 JavaThread "Finalizer"                  daemon [_thread_blocked, id=15972, stack(0x0000006558300000,0x0000006558400000) (1024K)]
  0x000001a17f113120 JavaThread "Signal Dispatcher"          daemon [_thread_blocked, id=15316, stack(0x0000006558400000,0x0000006558500000) (1024K)]
  0x000001a17f1145c0 JavaThread "Attach Listener"            daemon [_thread_blocked, id=20572, stack(0x0000006558500000,0x0000006558600000) (1024K)]
  0x000001a17f126ce0 JavaThread "Service Thread"             daemon [_thread_blocked, id=16108, stack(0x0000006558600000,0x0000006558700000) (1024K)]
  0x000001a17f126510 JavaThread "Monitor Deflation Thread"   daemon [_thread_blocked, id=4012, stack(0x0000006558700000,0x0000006558800000) (1024K)]
=>0x000001a17f1301a0 JavaThread "C2 CompilerThread0"         daemon [_thread_in_native, id=23752, stack(0x0000006558800000,0x0000006558900000) (1024K)]
  0x000001a17f132dc0 JavaThread "C1 CompilerThread0"         daemon [_thread_in_native, id=21232, stack(0x0000006558900000,0x0000006558a00000) (1024K)]
  0x000001a17f125d40 JavaThread "Notification Thread"        daemon [_thread_blocked, id=5060, stack(0x0000006558a00000,0x0000006558b00000) (1024K)]
  0x000001a17f1293f0 JavaThread "Common-Cleaner"             daemon [_thread_blocked, id=17948, stack(0x0000006558b00000,0x0000006558c00000) (1024K)]
  0x000001a17f2a7cd0 JavaThread "C2 CompilerThread1"         daemon [_thread_in_native, id=12372, stack(0x0000006558c00000,0x0000006558d00000) (1024K)]
  0x000001a1151e16f0 JavaThread "C2 CompilerThread2"         daemon [_thread_in_native, id=21828, stack(0x0000006558d00000,0x0000006558e00000) (1024K)]
  0x000001a17f120c10 JavaThread "Thread-1"                   daemon [_thread_blocked, id=19424, stack(0x0000006559200000,0x0000006559300000) (1024K)]
Total: 14

Other Threads:
  0x000001a17efc6c60 VMThread "VM Thread"                           [id=17820, stack(0x0000006558100000,0x0000006558200000) (1024K)]
  0x000001a17f0f41e0 WatcherThread "VM Periodic Task Thread"        [id=22280, stack(0x0000006558000000,0x0000006558100000) (1024K)]
  0x000001a1734156b0 WorkerThread "GC Thread#0"                     [id=20288, stack(0x0000006557b00000,0x0000006557c00000) (1024K)]
  0x000001a17efc5f70 WorkerThread "GC Thread#1"                     [id=6268, stack(0x0000006558e00000,0x0000006558f00000) (1024K)]
  0x000001a17efc6810 WorkerThread "GC Thread#2"                     [id=15880, stack(0x0000006558f00000,0x0000006559000000) (1024K)]
  0x000001a17efc70b0 WorkerThread "GC Thread#3"                     [id=8556, stack(0x0000006559000000,0x0000006559100000) (1024K)]
  0x000001a17efc7500 WorkerThread "GC Thread#4"                     [id=25260, stack(0x0000006559100000,0x0000006559200000) (1024K)]
  0x000001a17342e1e0 ConcurrentGCThread "G1 Main Marker"            [id=14908, stack(0x0000006557c00000,0x0000006557d00000) (1024K)]
  0x000001a17342fd90 WorkerThread "G1 Conc#0"                       [id=25376, stack(0x0000006557d00000,0x0000006557e00000) (1024K)]
  0x000001a17347e700 ConcurrentGCThread "G1 Refine#0"               [id=24864, stack(0x0000006557e00000,0x0000006557f00000) (1024K)]
  0x000001a17efba2f0 ConcurrentGCThread "G1 Service"                [id=24728, stack(0x0000006557f00000,0x0000006558000000) (1024K)]
Total: 11

Threads with active compile tasks:
C2 CompilerThread0  2743 3657       4       org.codehaus.plexus.util.xml.pull.MXParser::getText (125 bytes)
C1 CompilerThread0  2743 3771       3       org.eclipse.aether.util.graph.manager.ClassicDependencyManager::getKey (9 bytes)
C2 CompilerThread1  2743 3757       4       java.util.HashMap::put (13 bytes)
C2 CompilerThread2  2743 3669 %     4       sun.nio.cs.UTF_8$Decoder::decodeArrayLoop @ 103 (688 bytes)
Total: 4

VM state: not at safepoint (normal execution)

VM Mutex/Monitor currently owned by a thread: None

Heap address: 0x0000000081e00000, size: 2018 MB, Compressed Oops mode: 32-bit

CDS archive(s) mapped at: [0x0000000029000000-0x0000000029dd0000-0x0000000029dd0000), size 14483456, SharedBaseAddress: 0x0000000029000000, ArchiveRelocationMode: 1.
Compressed class space mapped at: 0x000000002a000000-0x000000006a000000, reserved size: 1073741824
UseCompressedClassPointers 1, UseCompactObjectHeaders 0
Narrow klass pointer bits 32, Max shift 3
Narrow klass base: 0x0000000029000000, Narrow klass shift: 0
Encoding Range: [0x0000000029000000 - 0x0000000129000000), (4294967296 bytes)
Klass Range:    [0x0000000029010000 - 0x000000006a000000), (1090453504 bytes)
Klass ID Range:  [65536 - 1090519033) (1090453497)
Protection zone: [0x0000000029000000 - 0x0000000029010000), (65536 bytes)

GC Precious Log:
 CardTable entry size: 512
 Card Set container configuration: InlinePtr #cards 5 size 8 Array Of Cards #cards 10 size 36 Howl #buckets 4 coarsen threshold 1843 Howl Bitmap #cards 512 size 80 coarsen threshold 460 Card regions per heap region 1 cards per card region 2048
 CPUs: 8 total, 8 available
 Memory: 8070M
 Large Page Support: Disabled
 NUMA Support: Disabled
 Compressed Oops: Enabled (32-bit)
 Heap Region Size: 1M
 Heap Min Capacity: 8M
 Heap Initial Capacity: 128M
 Heap Max Capacity: 2018M
 Pre-touch: Disabled
 Parallel Workers: 8
 Concurrent Workers: 2
 Concurrent Refinement Workers: 8
 Periodic GC: Disabled

Heap:
 garbage-first heap   total reserved 2066432K, committed 133120K, used 61077K [0x0000000081e00000, 0x0000000100000000)
  region size 1024K, 60 young (61440K), 5 survivors (5120K)

Heap Regions: E=young(eden), S=young(survivor), O=old, HS=humongous(starts), HC=humongous(continues), CS=collection set, F=free, TAMS=top-at-mark-start, PB=parsable bottom
|   0|0x0000000081e00000, 0x0000000081e00000, 0x0000000081f00000|  0%| F|  |TAMS 0x0000000081e00000| PB 0x0000000081e00000| Untracked |  0
|   1|0x0000000081f00000, 0x0000000081f00000, 0x0000000082000000|  0%| F|  |TAMS 0x0000000081f00000| PB 0x0000000081f00000| Untracked |  0
|   2|0x0000000082000000, 0x0000000082000000, 0x0000000082100000|  0%| F|  |TAMS 0x0000000082000000| PB 0x0000000082000000| Untracked |  0
|   3|0x0000000082100000, 0x0000000082100000, 0x0000000082200000|  0%| F|  |TAMS 0x0000000082100000| PB 0x0000000082100000| Untracked |  0
|   4|0x0000000082200000, 0x0000000082200000, 0x0000000082300000|  0%| F|  |TAMS 0x0000000082200000| PB 0x0000000082200000| Untracked |  0
|   5|0x0000000082300000, 0x0000000082300000, 0x0000000082400000|  0%| F|  |TAMS 0x0000000082300000| PB 0x0000000082300000| Untracked |  0
|   6|0x0000000082400000, 0x0000000082400000, 0x0000000082500000|  0%| F|  |TAMS 0x0000000082400000| PB 0x0000000082400000| Untracked |  0
|   7|0x0000000082500000, 0x0000000082500000, 0x0000000082600000|  0%| F|  |TAMS 0x0000000082500000| PB 0x0000000082500000| Untracked |  0
|   8|0x0000000082600000, 0x0000000082600000, 0x0000000082700000|  0%| F|  |TAMS 0x0000000082600000| PB 0x0000000082600000| Untracked |  0
|   9|0x0000000082700000, 0x0000000082700000, 0x0000000082800000|  0%| F|  |TAMS 0x0000000082700000| PB 0x0000000082700000| Untracked |  0
|  10|0x0000000082800000, 0x0000000082800000, 0x0000000082900000|  0%| F|  |TAMS 0x0000000082800000| PB 0x0000000082800000| Untracked |  0
|  11|0x0000000082900000, 0x0000000082900000, 0x0000000082a00000|  0%| F|  |TAMS 0x0000000082900000| PB 0x0000000082900000| Untracked |  0
|  12|0x0000000082a00000, 0x0000000082a00000, 0x0000000082b00000|  0%| F|  |TAMS 0x0000000082a00000| PB 0x0000000082a00000| Untracked |  0
|  13|0x0000000082b00000, 0x0000000082b00000, 0x0000000082c00000|  0%| F|  |TAMS 0x0000000082b00000| PB 0x0000000082b00000| Untracked |  0
|  14|0x0000000082c00000, 0x0000000082c00000, 0x0000000082d00000|  0%| F|  |TAMS 0x0000000082c00000| PB 0x0000000082c00000| Untracked |  0
|  15|0x0000000082d00000, 0x0000000082d00000, 0x0000000082e00000|  0%| F|  |TAMS 0x0000000082d00000| PB 0x0000000082d00000| Untracked |  0
|  16|0x0000000082e00000, 0x0000000082e00000, 0x0000000082f00000|  0%| F|  |TAMS 0x0000000082e00000| PB 0x0000000082e00000| Untracked |  0
|  17|0x0000000082f00000, 0x0000000082f00000, 0x0000000083000000|  0%| F|  |TAMS 0x0000000082f00000| PB 0x0000000082f00000| Untracked |  0
|  18|0x0000000083000000, 0x0000000083000000, 0x0000000083100000|  0%| F|  |TAMS 0x0000000083000000| PB 0x0000000083000000| Untracked |  0
|  19|0x0000000083100000, 0x0000000083100000, 0x0000000083200000|  0%| F|  |TAMS 0x0000000083100000| PB 0x0000000083100000| Untracked |  0
|  20|0x0000000083200000, 0x0000000083200000, 0x0000000083300000|  0%| F|  |TAMS 0x0000000083200000| PB 0x0000000083200000| Untracked |  0
|  21|0x0000000083300000, 0x0000000083300000, 0x0000000083400000|  0%| F|  |TAMS 0x0000000083300000| PB 0x0000000083300000| Untracked |  0
|  22|0x0000000083400000, 0x0000000083400000, 0x0000000083500000|  0%| F|  |TAMS 0x0000000083400000| PB 0x0000000083400000| Untracked |  0
|  23|0x0000000083500000, 0x0000000083500000, 0x0000000083600000|  0%| F|  |TAMS 0x0000000083500000| PB 0x0000000083500000| Untracked |  0
|  24|0x0000000083600000, 0x0000000083600000, 0x0000000083700000|  0%| F|  |TAMS 0x0000000083600000| PB 0x0000000083600000| Untracked |  0
|  25|0x0000000083700000, 0x0000000083700000, 0x0000000083800000|  0%| F|  |TAMS 0x0000000083700000| PB 0x0000000083700000| Untracked |  0
|  26|0x0000000083800000, 0x0000000083800000, 0x0000000083900000|  0%| F|  |TAMS 0x0000000083800000| PB 0x0000000083800000| Untracked |  0
|  27|0x0000000083900000, 0x0000000083900000, 0x0000000083a00000|  0%| F|  |TAMS 0x0000000083900000| PB 0x0000000083900000| Untracked |  0
|  28|0x0000000083a00000, 0x0000000083a00000, 0x0000000083b00000|  0%| F|  |TAMS 0x0000000083a00000| PB 0x0000000083a00000| Untracked |  0
|  29|0x0000000083b00000, 0x0000000083b00000, 0x0000000083c00000|  0%| F|  |TAMS 0x0000000083b00000| PB 0x0000000083b00000| Untracked |  0
|  30|0x0000000083c00000, 0x0000000083c00000, 0x0000000083d00000|  0%| F|  |TAMS 0x0000000083c00000| PB 0x0000000083c00000| Untracked |  0
|  31|0x0000000083d00000, 0x0000000083d00000, 0x0000000083e00000|  0%| F|  |TAMS 0x0000000083d00000| PB 0x0000000083d00000| Untracked |  0
|  32|0x0000000083e00000, 0x0000000083e00000, 0x0000000083f00000|  0%| F|  |TAMS 0x0000000083e00000| PB 0x0000000083e00000| Untracked |  0
|  33|0x0000000083f00000, 0x0000000083f00000, 0x0000000084000000|  0%| F|  |TAMS 0x0000000083f00000| PB 0x0000000083f00000| Untracked |  0
|  34|0x0000000084000000, 0x0000000084000000, 0x0000000084100000|  0%| F|  |TAMS 0x0000000084000000| PB 0x0000000084000000| Untracked |  0
|  35|0x0000000084100000, 0x0000000084100000, 0x0000000084200000|  0%| F|  |TAMS 0x0000000084100000| PB 0x0000000084100000| Untracked |  0
|  36|0x0000000084200000, 0x0000000084200000, 0x0000000084300000|  0%| F|  |TAMS 0x0000000084200000| PB 0x0000000084200000| Untracked |  0
|  37|0x0000000084300000, 0x0000000084300000, 0x0000000084400000|  0%| F|  |TAMS 0x0000000084300000| PB 0x0000000084300000| Untracked |  0
|  38|0x0000000084400000, 0x0000000084400000, 0x0000000084500000|  0%| F|  |TAMS 0x0000000084400000| PB 0x0000000084400000| Untracked |  0
|  39|0x0000000084500000, 0x0000000084500000, 0x0000000084600000|  0%| F|  |TAMS 0x0000000084500000| PB 0x0000000084500000| Untracked |  0
|  40|0x0000000084600000, 0x0000000084600000, 0x0000000084700000|  0%| F|  |TAMS 0x0000000084600000| PB 0x0000000084600000| Untracked |  0
|  41|0x0000000084700000, 0x0000000084700000, 0x0000000084800000|  0%| F|  |TAMS 0x0000000084700000| PB 0x0000000084700000| Untracked |  0
|  42|0x0000000084800000, 0x0000000084800000, 0x0000000084900000|  0%| F|  |TAMS 0x0000000084800000| PB 0x0000000084800000| Untracked |  0
|  43|0x0000000084900000, 0x0000000084900000, 0x0000000084a00000|  0%| F|  |TAMS 0x0000000084900000| PB 0x0000000084900000| Untracked |  0
|  44|0x0000000084a00000, 0x0000000084a00000, 0x0000000084b00000|  0%| F|  |TAMS 0x0000000084a00000| PB 0x0000000084a00000| Untracked |  0
|  45|0x0000000084b00000, 0x0000000084b00000, 0x0000000084c00000|  0%| F|  |TAMS 0x0000000084b00000| PB 0x0000000084b00000| Untracked |  0
|  46|0x0000000084c00000, 0x0000000084c00000, 0x0000000084d00000|  0%| F|  |TAMS 0x0000000084c00000| PB 0x0000000084c00000| Untracked |  0
|  47|0x0000000084d00000, 0x0000000084d00000, 0x0000000084e00000|  0%| F|  |TAMS 0x0000000084d00000| PB 0x0000000084d00000| Untracked |  0
|  48|0x0000000084e00000, 0x0000000084e00000, 0x0000000084f00000|  0%| F|  |TAMS 0x0000000084e00000| PB 0x0000000084e00000| Untracked |  0
|  49|0x0000000084f00000, 0x0000000084f00000, 0x0000000085000000|  0%| F|  |TAMS 0x0000000084f00000| PB 0x0000000084f00000| Untracked |  0
|  50|0x0000000085000000, 0x0000000085000000, 0x0000000085100000|  0%| F|  |TAMS 0x0000000085000000| PB 0x0000000085000000| Untracked |  0
|  51|0x0000000085100000, 0x0000000085100000, 0x0000000085200000|  0%| F|  |TAMS 0x0000000085100000| PB 0x0000000085100000| Untracked |  0
|  52|0x0000000085200000, 0x0000000085200000, 0x0000000085300000|  0%| F|  |TAMS 0x0000000085200000| PB 0x0000000085200000| Untracked |  0
|  53|0x0000000085300000, 0x0000000085300000, 0x0000000085400000|  0%| F|  |TAMS 0x0000000085300000| PB 0x0000000085300000| Untracked |  0
|  54|0x0000000085400000, 0x0000000085400000, 0x0000000085500000|  0%| F|  |TAMS 0x0000000085400000| PB 0x0000000085400000| Untracked |  0
|  55|0x0000000085500000, 0x0000000085500000, 0x0000000085600000|  0%| F|  |TAMS 0x0000000085500000| PB 0x0000000085500000| Untracked |  0
|  56|0x0000000085600000, 0x0000000085600000, 0x0000000085700000|  0%| F|  |TAMS 0x0000000085600000| PB 0x0000000085600000| Untracked |  0
|  57|0x0000000085700000, 0x0000000085700000, 0x0000000085800000|  0%| F|  |TAMS 0x0000000085700000| PB 0x0000000085700000| Untracked |  0
|  58|0x0000000085800000, 0x0000000085800000, 0x0000000085900000|  0%| F|  |TAMS 0x0000000085800000| PB 0x0000000085800000| Untracked |  0
|  59|0x0000000085900000, 0x0000000085900000, 0x0000000085a00000|  0%| F|  |TAMS 0x0000000085900000| PB 0x0000000085900000| Untracked |  0
|  60|0x0000000085a00000, 0x0000000085a00000, 0x0000000085b00000|  0%| F|  |TAMS 0x0000000085a00000| PB 0x0000000085a00000| Untracked |  0
|  61|0x0000000085b00000, 0x0000000085b00000, 0x0000000085c00000|  0%| F|  |TAMS 0x0000000085b00000| PB 0x0000000085b00000| Untracked |  0
|  62|0x0000000085c00000, 0x0000000085c00000, 0x0000000085d00000|  0%| F|  |TAMS 0x0000000085c00000| PB 0x0000000085c00000| Untracked |  0
|  63|0x0000000085d00000, 0x0000000085d00000, 0x0000000085e00000|  0%| F|  |TAMS 0x0000000085d00000| PB 0x0000000085d00000| Untracked |  0
|  64|0x0000000085e00000, 0x0000000085e00000, 0x0000000085f00000|  0%| F|  |TAMS 0x0000000085e00000| PB 0x0000000085e00000| Untracked |  0
|  65|0x0000000085f00000, 0x0000000085f00000, 0x0000000086000000|  0%| F|  |TAMS 0x0000000085f00000| PB 0x0000000085f00000| Untracked |  0
|  66|0x0000000086000000, 0x0000000086000000, 0x0000000086100000|  0%| F|  |TAMS 0x0000000086000000| PB 0x0000000086000000| Untracked |  0
|  67|0x0000000086100000, 0x0000000086100000, 0x0000000086200000|  0%| F|  |TAMS 0x0000000086100000| PB 0x0000000086100000| Untracked |  0
|  68|0x0000000086200000, 0x0000000086300000, 0x0000000086300000|100%| E|  |TAMS 0x0000000086200000| PB 0x0000000086200000| Complete |  0
|  69|0x0000000086300000, 0x0000000086400000, 0x0000000086400000|100%| E|CS|TAMS 0x0000000086300000| PB 0x0000000086300000| Complete |  0
|  70|0x0000000086400000, 0x0000000086500000, 0x0000000086500000|100%| E|CS|TAMS 0x0000000086400000| PB 0x0000000086400000| Complete |  0
|  71|0x0000000086500000, 0x0000000086600000, 0x0000000086600000|100%| E|CS|TAMS 0x0000000086500000| PB 0x0000000086500000| Complete |  0
|  72|0x0000000086600000, 0x0000000086700000, 0x0000000086700000|100%| E|CS|TAMS 0x0000000086600000| PB 0x0000000086600000| Complete |  0
|  73|0x0000000086700000, 0x0000000086800000, 0x0000000086800000|100%| E|CS|TAMS 0x0000000086700000| PB 0x0000000086700000| Complete |  0
|  74|0x0000000086800000, 0x0000000086900000, 0x0000000086900000|100%| E|CS|TAMS 0x0000000086800000| PB 0x0000000086800000| Complete |  0
|  75|0x0000000086900000, 0x0000000086a00000, 0x0000000086a00000|100%| E|CS|TAMS 0x0000000086900000| PB 0x0000000086900000| Complete |  0
|  76|0x0000000086a00000, 0x0000000086a7ffe0, 0x0000000086b00000| 49%| S|CS|TAMS 0x0000000086a00000| PB 0x0000000086a00000| Complete |  0
|  77|0x0000000086b00000, 0x0000000086c00000, 0x0000000086c00000|100%| S|CS|TAMS 0x0000000086b00000| PB 0x0000000086b00000| Complete |  0
|  78|0x0000000086c00000, 0x0000000086d00000, 0x0000000086d00000|100%| S|CS|TAMS 0x0000000086c00000| PB 0x0000000086c00000| Complete |  0
|  79|0x0000000086d00000, 0x0000000086e00000, 0x0000000086e00000|100%| S|CS|TAMS 0x0000000086d00000| PB 0x0000000086d00000| Complete |  0
|  80|0x0000000086e00000, 0x0000000086f00000, 0x0000000086f00000|100%| S|CS|TAMS 0x0000000086e00000| PB 0x0000000086e00000| Complete |  0
|  81|0x0000000086f00000, 0x0000000087000000, 0x0000000087000000|100%| E|CS|TAMS 0x0000000086f00000| PB 0x0000000086f00000| Complete |  0
|  82|0x0000000087000000, 0x0000000087100000, 0x0000000087100000|100%| E|CS|TAMS 0x0000000087000000| PB 0x0000000087000000| Complete |  0
|  83|0x0000000087100000, 0x0000000087200000, 0x0000000087200000|100%| E|CS|TAMS 0x0000000087100000| PB 0x0000000087100000| Complete |  0
|  84|0x0000000087200000, 0x0000000087300000, 0x0000000087300000|100%| E|CS|TAMS 0x0000000087200000| PB 0x0000000087200000| Complete |  0
|  85|0x0000000087300000, 0x0000000087400000, 0x0000000087400000|100%| E|CS|TAMS 0x0000000087300000| PB 0x0000000087300000| Complete |  0
|  86|0x0000000087400000, 0x0000000087500000, 0x0000000087500000|100%| E|CS|TAMS 0x0000000087400000| PB 0x0000000087400000| Complete |  0
|  87|0x0000000087500000, 0x0000000087600000, 0x0000000087600000|100%| E|CS|TAMS 0x0000000087500000| PB 0x0000000087500000| Complete |  0
|  88|0x0000000087600000, 0x0000000087700000, 0x0000000087700000|100%| E|CS|TAMS 0x0000000087600000| PB 0x0000000087600000| Complete |  0
|  89|0x0000000087700000, 0x0000000087800000, 0x0000000087800000|100%| E|CS|TAMS 0x0000000087700000| PB 0x0000000087700000| Complete |  0
|  90|0x0000000087800000, 0x0000000087900000, 0x0000000087900000|100%| E|CS|TAMS 0x0000000087800000| PB 0x0000000087800000| Complete |  0
|  91|0x0000000087900000, 0x0000000087a00000, 0x0000000087a00000|100%| E|CS|TAMS 0x0000000087900000| PB 0x0000000087900000| Complete |  0
|  92|0x0000000087a00000, 0x0000000087b00000, 0x0000000087b00000|100%| E|CS|TAMS 0x0000000087a00000| PB 0x0000000087a00000| Complete |  0
|  93|0x0000000087b00000, 0x0000000087c00000, 0x0000000087c00000|100%| E|CS|TAMS 0x0000000087b00000| PB 0x0000000087b00000| Complete |  0
|  94|0x0000000087c00000, 0x0000000087d00000, 0x0000000087d00000|100%| E|CS|TAMS 0x0000000087c00000| PB 0x0000000087c00000| Complete |  0
|  95|0x0000000087d00000, 0x0000000087e00000, 0x0000000087e00000|100%| E|CS|TAMS 0x0000000087d00000| PB 0x0000000087d00000| Complete |  0
|  96|0x0000000087e00000, 0x0000000087f00000, 0x0000000087f00000|100%| E|CS|TAMS 0x0000000087e00000| PB 0x0000000087e00000| Complete |  0
|  97|0x0000000087f00000, 0x0000000088000000, 0x0000000088000000|100%| E|CS|TAMS 0x0000000087f00000| PB 0x0000000087f00000| Complete |  0
|  98|0x0000000088000000, 0x0000000088100000, 0x0000000088100000|100%| E|CS|TAMS 0x0000000088000000| PB 0x0000000088000000| Complete |  0
|  99|0x0000000088100000, 0x0000000088200000, 0x0000000088200000|100%| E|CS|TAMS 0x0000000088100000| PB 0x0000000088100000| Complete |  0
| 100|0x0000000088200000, 0x0000000088300000, 0x0000000088300000|100%| E|CS|TAMS 0x0000000088200000| PB 0x0000000088200000| Complete |  0
| 101|0x0000000088300000, 0x0000000088400000, 0x0000000088400000|100%| E|CS|TAMS 0x0000000088300000| PB 0x0000000088300000| Complete |  0
| 102|0x0000000088400000, 0x0000000088500000, 0x0000000088500000|100%| E|CS|TAMS 0x0000000088400000| PB 0x0000000088400000| Complete |  0
| 103|0x0000000088500000, 0x0000000088600000, 0x0000000088600000|100%| E|CS|TAMS 0x0000000088500000| PB 0x0000000088500000| Complete |  0
| 104|0x0000000088600000, 0x0000000088700000, 0x0000000088700000|100%| E|CS|TAMS 0x0000000088600000| PB 0x0000000088600000| Complete |  0
| 105|0x0000000088700000, 0x0000000088800000, 0x0000000088800000|100%| E|CS|TAMS 0x0000000088700000| PB 0x0000000088700000| Complete |  0
| 106|0x0000000088800000, 0x0000000088900000, 0x0000000088900000|100%| E|CS|TAMS 0x0000000088800000| PB 0x0000000088800000| Complete |  0
| 107|0x0000000088900000, 0x0000000088a00000, 0x0000000088a00000|100%| E|CS|TAMS 0x0000000088900000| PB 0x0000000088900000| Complete |  0
| 108|0x0000000088a00000, 0x0000000088b00000, 0x0000000088b00000|100%| E|CS|TAMS 0x0000000088a00000| PB 0x0000000088a00000| Complete |  0
| 109|0x0000000088b00000, 0x0000000088c00000, 0x0000000088c00000|100%| E|CS|TAMS 0x0000000088b00000| PB 0x0000000088b00000| Complete |  0
| 110|0x0000000088c00000, 0x0000000088d00000, 0x0000000088d00000|100%| E|CS|TAMS 0x0000000088c00000| PB 0x0000000088c00000| Complete |  0
| 111|0x0000000088d00000, 0x0000000088e00000, 0x0000000088e00000|100%| E|CS|TAMS 0x0000000088d00000| PB 0x0000000088d00000| Complete |  0
| 112|0x0000000088e00000, 0x0000000088f00000, 0x0000000088f00000|100%| E|CS|TAMS 0x0000000088e00000| PB 0x0000000088e00000| Complete |  0
| 113|0x0000000088f00000, 0x0000000089000000, 0x0000000089000000|100%| E|CS|TAMS 0x0000000088f00000| PB 0x0000000088f00000| Complete |  0
| 114|0x0000000089000000, 0x0000000089100000, 0x0000000089100000|100%| E|CS|TAMS 0x0000000089000000| PB 0x0000000089000000| Complete |  0
| 115|0x0000000089100000, 0x0000000089200000, 0x0000000089200000|100%| E|CS|TAMS 0x0000000089100000| PB 0x0000000089100000| Complete |  0
| 116|0x0000000089200000, 0x0000000089300000, 0x0000000089300000|100%| E|CS|TAMS 0x0000000089200000| PB 0x0000000089200000| Complete |  0
| 117|0x0000000089300000, 0x0000000089400000, 0x0000000089400000|100%| E|CS|TAMS 0x0000000089300000| PB 0x0000000089300000| Complete |  0
| 118|0x0000000089400000, 0x0000000089500000, 0x0000000089500000|100%| E|CS|TAMS 0x0000000089400000| PB 0x0000000089400000| Complete |  0
| 119|0x0000000089500000, 0x0000000089600000, 0x0000000089600000|100%| E|CS|TAMS 0x0000000089500000| PB 0x0000000089500000| Complete |  0
| 120|0x0000000089600000, 0x0000000089700000, 0x0000000089700000|100%| E|CS|TAMS 0x0000000089600000| PB 0x0000000089600000| Complete |  0
| 121|0x0000000089700000, 0x0000000089800000, 0x0000000089800000|100%| E|CS|TAMS 0x0000000089700000| PB 0x0000000089700000| Complete |  0
| 122|0x0000000089800000, 0x0000000089900000, 0x0000000089900000|100%| E|CS|TAMS 0x0000000089800000| PB 0x0000000089800000| Complete |  0
| 123|0x0000000089900000, 0x0000000089a00000, 0x0000000089a00000|100%| E|CS|TAMS 0x0000000089900000| PB 0x0000000089900000| Complete |  0
| 124|0x0000000089a00000, 0x0000000089b00000, 0x0000000089b00000|100%| E|CS|TAMS 0x0000000089a00000| PB 0x0000000089a00000| Complete |  0
| 125|0x0000000089b00000, 0x0000000089c00000, 0x0000000089c00000|100%| E|CS|TAMS 0x0000000089b00000| PB 0x0000000089b00000| Complete |  0
| 126|0x0000000089c00000, 0x0000000089d00000, 0x0000000089d00000|100%| E|CS|TAMS 0x0000000089c00000| PB 0x0000000089c00000| Complete |  0
| 127|0x0000000089d00000, 0x0000000089e00000, 0x0000000089e00000|100%| E|CS|TAMS 0x0000000089d00000| PB 0x0000000089d00000| Complete |  0
|2016|0x00000000ffe00000, 0x00000000fff00000, 0x00000000fff00000|100%| O|  |TAMS 0x00000000ffe00000| PB 0x00000000ffe00000| Untracked |  0
|2017|0x00000000fff00000, 0x00000000fff257b8, 0x0000000100000000| 14%| O|  |TAMS 0x00000000fff00000| PB 0x00000000fff00000| Untracked |  0

Card table byte_map: [0x000001a17c3a0000,0x000001a17c7a0000] _byte_map_base: 0x000001a17bf91000

Marking Bits: (CMBitMap*) 0x000001a173415e40
 Bits: [0x000001a17c7a0000, 0x000001a17e728000)

Polling page: 0x000001a171700000

Metaspace:
Metaspace        used 15336K, committed 15552K, reserved 1114112K
 class space     used 1909K, committed 1984K, reserved 1048576K

Usage:
  Non-class:     13.11 MB used.
      Class:      1.86 MB used.
       Both:     14.98 MB used.

Virtual space:
  Non-class space:       64.00 MB reserved,      13.25 MB ( 21%) committed,  1 nodes.
      Class space:        1.00 GB reserved,       1.94 MB ( <1%) committed,  1 nodes.
             Both:        1.06 GB reserved,      15.19 MB (  1%) committed. 

Chunk freelists:
   Non-Class:  2.19 MB
       Class:  13.88 MB
        Both:  16.06 MB

MaxMetaspaceSize: unlimited
CompressedClassSpaceSize: 1.00 GB
Initial GC threshold: 21.00 MB
Current GC threshold: 21.00 MB
CDS: on
 - commit_granule_bytes: 65536.
 - commit_granule_words: 8192.
 - virtual_space_node_default_size: 8388608.
 - enlarge_chunks_in_place: 1.
UseCompressedClassPointers 1, UseCompactObjectHeaders 0
Narrow klass pointer bits 32, Max shift 3
Narrow klass base: 0x0000000029000000, Narrow klass shift: 0
Encoding Range: [0x0000000029000000 - 0x0000000129000000), (4294967296 bytes)
Klass Range:    [0x0000000029010000 - 0x000000006a000000), (1090453504 bytes)
Klass ID Range:  [65536 - 1090519033) (1090453497)
Protection zone: [0x0000000029000000 - 0x0000000029010000), (65536 bytes)


Internal statistics:

num_allocs_failed_limit: 0.
num_arena_births: 128.
num_arena_deaths: 0.
num_vsnodes_births: 2.
num_vsnodes_deaths: 0.
num_space_committed: 243.
num_space_uncommitted: 0.
num_chunks_returned_to_freelist: 0.
num_chunks_taken_from_freelist: 659.
num_chunk_merges: 0.
num_chunk_splits: 450.
num_chunks_enlarged: 370.
num_inconsistent_stats: 0.

CodeHeap 'non-profiled nmethods': size=120064Kb used=1330Kb max_used=1330Kb free=118733Kb
 bounds [0x000001a107ac0000, 0x000001a107d30000, 0x000001a10f000000]
CodeHeap 'profiled nmethods': size=120000Kb used=5778Kb max_used=5778Kb free=114221Kb
 bounds [0x000001a100000000, 0x000001a1005b0000, 0x000001a107530000]
CodeHeap 'non-nmethods': size=5696Kb used=1403Kb max_used=1428Kb free=4292Kb
 bounds [0x000001a107530000, 0x000001a1077a0000, 0x000001a107ac0000]
CodeCache: size=245760Kb, used=8511Kb, max_used=8536Kb, free=237246Kb
 total_blobs=4291, nmethods=3771, adapters=421, full_count=0
Compilation: enabled, stopped_count=0, restarted_count=0

Compilation events (20 events):
Event: 2.511 Thread 0x000001a17f132dc0 3653  s    3       java.util.Hashtable::put (104 bytes)
Event: 2.512 Thread 0x000001a17f132dc0 nmethod 3653 0x000001a10057de88 code [0x000001a10057df80, 0x000001a10057e728]
Event: 2.512 Thread 0x000001a17f132dc0 3652       3       java.util.Hashtable$Entry::<init> (26 bytes)
Event: 2.512 Thread 0x000001a17f132dc0 nmethod 3652 0x000001a10057e788 code [0x000001a10057e880, 0x000001a10057eaf8]
Event: 2.512 Thread 0x000001a17f132dc0 3654       3       org.codehaus.plexus.interpolation.reflection.MethodMap::get (14 bytes)
Event: 2.512 Thread 0x000001a17f132dc0 nmethod 3654 0x000001a10057eb08 code [0x000001a10057ec00, 0x000001a10057eeb8]
Event: 2.513 Thread 0x000001a17f132dc0 3655       3       java.util.regex.Matcher::group (65 bytes)
Event: 2.513 Thread 0x000001a1151e16f0 nmethod 3649 0x000001a107c02688 code [0x000001a107c02780, 0x000001a107c02ad8]
Event: 2.513 Thread 0x000001a17f132dc0 nmethod 3655 0x000001a10057ef08 code [0x000001a10057f000, 0x000001a10057f748]
Event: 2.513 Thread 0x000001a17f132dc0 3656       3       java.util.regex.Matcher::checkGroup (41 bytes)
Event: 2.514 Thread 0x000001a17f132dc0 nmethod 3656 0x000001a10057f788 code [0x000001a10057f880, 0x000001a1005801b0]
Event: 2.518 Thread 0x000001a17f1301a0 3657       4       org.codehaus.plexus.util.xml.pull.MXParser::getText (125 bytes)
Event: 2.519 Thread 0x000001a17f132dc0 3658       3       org.codehaus.plexus.configuration.DefaultPlexusConfiguration::setAttribute (36 bytes)
Event: 2.520 Thread 0x000001a17f132dc0 nmethod 3658 0x000001a100580208 code [0x000001a100580300, 0x000001a1005807e0]
Event: 2.521 Thread 0x000001a17f132dc0 3659       3       org.apache.maven.plugin.descriptor.Parameter::<init> (10 bytes)
Event: 2.521 Thread 0x000001a17f132dc0 nmethod 3659 0x000001a100580808 code [0x000001a100580900, 0x000001a100580a68]
Event: 2.521 Thread 0x000001a17f132dc0 3660       3       org.apache.maven.plugin.descriptor.MojoDescriptor::addParameter (75 bytes)
Event: 2.522 Thread 0x000001a17f132dc0 nmethod 3660 0x000001a100580b08 code [0x000001a100580c00, 0x000001a1005820b8]
Event: 2.531 Thread 0x000001a17f2a7cd0 3661       4       org.apache.maven.model.io.xpp3.MavenXpp3Reader::checkFieldWithDuplicate (75 bytes)
Event: 2.533 Thread 0x000001a1151e16f0 3662       4       java.util.regex.Pattern$BmpCharProperty::match (55 bytes)

GC Heap Usage History (2 events):
Event: 1.162 {heap Before GC invocations=0 (full 0):
 garbage-first heap   total reserved 2066432K, committed 133120K, used 49301K [0x0000000081e00000, 0x0000000100000000)
  region size 1024K, 47 young (48128K), 0 survivors (0K)
}
Event: 1.171 {heap After GC invocations=1 (full 0):
 garbage-first heap   total reserved 2066432K, committed 133120K, used 5781K [0x0000000081e00000, 0x0000000100000000)
  region size 1024K, 5 young (5120K), 5 survivors (5120K)
}

Metaspace Usage History (2 events):
Event: 1.162 {metaspace Before GC invocations=0 (full 0):
 Metaspace       used 9130K, committed 9280K, reserved 1114112K
  class space    used 1136K, committed 1216K, reserved 1048576K
}
Event: 1.171 {metaspace After GC invocations=1 (full 0):
 Metaspace       used 9130K, committed 9280K, reserved 1114112K
  class space    used 1136K, committed 1216K, reserved 1048576K
}

Dll operation events (7 events):
Event: 0.010 Loaded shared library C:\Program Files\Java\jdk-25.0.2\bin\java.dll
Event: 0.051 Loaded shared library C:\Program Files\Java\jdk-25.0.2\bin\net.dll
Event: 0.053 Loaded shared library C:\Program Files\Java\jdk-25.0.2\bin\nio.dll
Event: 0.058 Loaded shared library C:\Program Files\Java\jdk-25.0.2\bin\zip.dll
Event: 0.223 Loaded shared library C:\Program Files\Java\jdk-25.0.2\bin\jimage.dll
Event: 0.225 Loaded shared library C:\Users\ragha\.m2\wrapper\dists\apache-maven-3.9.12\59fe215c0ad6947fea90184bf7add084544567b927287592651fda3782e0e798\lib\jansi-native\Windows\x86_64\jansi.dll
Event: 0.242 Loaded shared library C:\Program Files\Java\jdk-25.0.2\bin\verify.dll

Deoptimization events (20 events):
Event: 2.144 Thread 0x000001a171060eb0 DEOPT PACKING pc=0x000001a107bc83b4 sp=0x0000006557afe2f0
Event: 2.144 Thread 0x000001a171060eb0 DEOPT UNPACKING pc=0x000001a10764f902 sp=0x0000006557afe1b0 mode 2
Event: 2.317 Thread 0x000001a171060eb0 Uncommon trap: trap_request=0xffffff45 fr.pc=0x000001a107acb9c4 relative=0x0000000000000144
Event: 2.317 Thread 0x000001a171060eb0 Uncommon trap: reason=unstable_if action=reinterpret pc=0x000001a107acb9c4 method=java.lang.String.indexOf(I)I @ 4 c2
Event: 2.317 Thread 0x000001a171060eb0 DEOPT PACKING pc=0x000001a107acb9c4 sp=0x0000006557afe1c0
Event: 2.317 Thread 0x000001a171060eb0 DEOPT UNPACKING pc=0x000001a10764f902 sp=0x0000006557afe160 mode 2
Event: 2.317 Thread 0x000001a171060eb0 Uncommon trap: trap_request=0xffffff45 fr.pc=0x000001a107af8110 relative=0x0000000000000590
Event: 2.317 Thread 0x000001a171060eb0 Uncommon trap: reason=unstable_if action=reinterpret pc=0x000001a107af8110 method=java.lang.String.substring(II)Ljava/lang/String; @ 31 c2
Event: 2.317 Thread 0x000001a171060eb0 DEOPT PACKING pc=0x000001a107af8110 sp=0x0000006557afe160
Event: 2.317 Thread 0x000001a171060eb0 DEOPT UNPACKING pc=0x000001a10764f902 sp=0x0000006557afe130 mode 2
Event: 2.341 Thread 0x000001a171060eb0 Uncommon trap: trap_request=0xffffffec fr.pc=0x000001a107b6d5b4 relative=0x00000000000001b4
Event: 2.341 Thread 0x000001a171060eb0 Uncommon trap: reason=null_assert_or_unreached0 action=make_not_entrant pc=0x000001a107b6d5b4 method=java.lang.reflect.Method.copy()Ljava/lang/reflect/Method; @ 87 c2
Event: 2.341 Thread 0x000001a171060eb0 DEOPT PACKING pc=0x000001a107b6d5b4 sp=0x0000006557afce50
Event: 2.341 Thread 0x000001a171060eb0 DEOPT UNPACKING pc=0x000001a10764f902 sp=0x0000006557afcdd8 mode 2
Event: 2.420 Thread 0x000001a171060eb0 Uncommon trap: trap_request=0xffffffcc fr.pc=0x000001a107bf13bc relative=0x00000000000003bc
Event: 2.420 Thread 0x000001a171060eb0 Uncommon trap: reason=intrinsic_or_type_checked_inlining action=make_not_entrant pc=0x000001a107bf13bc method=java.util.Arrays.copyOf([Ljava/lang/Object;ILjava/lang/Class;)[Ljava/lang/Object; @ 35 c2
Event: 2.420 Thread 0x000001a171060eb0 DEOPT PACKING pc=0x000001a107bf13bc sp=0x0000006557afe2a0
Event: 2.420 Thread 0x000001a171060eb0 DEOPT UNPACKING pc=0x000001a10764f902 sp=0x0000006557afe230 mode 2
Event: 2.486 Thread 0x000001a171060eb0 DEOPT PACKING pc=0x000001a10047fe75 sp=0x0000006557afd8a0
Event: 2.486 Thread 0x000001a171060eb0 DEOPT UNPACKING pc=0x000001a107581702 sp=0x0000006557afcde0 mode 0

Classes loaded (20 events):
Event: 1.876 Loading class java/lang/invoke/BoundMethodHandle$Species_LI
Event: 1.876 Loading class java/lang/invoke/BoundMethodHandle$Species_LI done
Event: 1.877 Loading class java/lang/invoke/ClassSpecializer$Factory$1
Event: 1.877 Loading class java/lang/invoke/ClassSpecializer$Factory$1 done
Event: 1.877 Loading class java/lang/invoke/ClassSpecializer$Factory$1$1
Event: 1.878 Loading class java/lang/invoke/ClassSpecializer$Factory$1$1 done
Event: 1.878 Loading class java/lang/invoke/ClassSpecializer$Factory$1$1Var
Event: 1.878 Loading class java/lang/invoke/ClassSpecializer$Factory$1$1Var done
Event: 1.878 Loading class java/lang/invoke/ClassSpecializer$Factory$1$2
Event: 1.878 Loading class java/lang/invoke/ClassSpecializer$Factory$1$2 done
Event: 1.878 Loading class java/lang/invoke/ClassSpecializer$Factory$1$3
Event: 1.879 Loading class java/lang/invoke/ClassSpecializer$Factory$1$3 done
Event: 1.879 Loading class java/lang/invoke/ClassSpecializer$Factory$1$4
Event: 1.879 Loading class java/lang/invoke/ClassSpecializer$Factory$1$4 done
Event: 1.879 Loading class java/lang/invoke/ClassSpecializer$Factory$1$5
Event: 1.879 Loading class java/lang/invoke/ClassSpecializer$Factory$1$5 done
Event: 1.879 Loading class java/lang/invoke/ClassSpecializer$Factory$1$5$1
Event: 1.879 Loading class java/lang/invoke/ClassSpecializer$Factory$1$5$1 done
Event: 1.975 Loading class java/util/stream/Streams$RangeIntSpliterator
Event: 1.975 Loading class java/util/stream/Streams$RangeIntSpliterator done

Classes unloaded (0 events):
No events

Classes redefined (0 events):
No events

Internal exceptions (20 events):
Event: 0.485 Thread 0x000001a171060eb0 Exception <a 'java/lang/NoSuchMethodError'{0x0000000088f9bbe8}: 'java.lang.Object java.lang.invoke.DirectMethodHandle$Holder.invokeInterface(java.lang.Object, java.lang.Object)'> (0x0000000088f9bbe8) 
thrown [s\open\src\hotspot\share\interpreter\linkResolver.cpp, line 804]
Event: 0.503 Thread 0x000001a171060eb0 Exception <a 'java/lang/NoSuchMethodError'{0x0000000088e4d480}: 'int java.lang.invoke.DirectMethodHandle$Holder.invokeStatic(java.lang.Object, java.lang.Object, java.lang.Object, java.lang.Object)'> (0x0000000088e4d480) 
thrown [s\open\src\hotspot\share\interpreter\linkResolver.cpp, line 804]
Event: 0.506 Thread 0x000001a171060eb0 Exception <a 'java/lang/NoSuchMethodError'{0x0000000088e77058}: 'int java.lang.invoke.DirectMethodHandle$Holder.invokeSpecialIFC(java.lang.Object, java.lang.Object, java.lang.Object, java.lang.Object, java.lang.Object)'> (0x0000000088e77058) 
thrown [s\open\src\hotspot\share\interpreter\linkResolver.cpp, line 804]
Event: 0.566 Thread 0x000001a171060eb0 Exception <a 'java/lang/NoSuchMethodError'{0x0000000088c55ba8}: 'java.lang.Object java.lang.invoke.DirectMethodHandle$Holder.newInvokeSpecial(java.lang.Object, java.lang.Object, java.lang.Object, java.lang.Object, java.lang.Object)'> (0x0000000088c55ba8) 
thrown [s\open\src\hotspot\share\interpreter\linkResolver.cpp, line 804]
Event: 0.594 Thread 0x000001a171060eb0 Exception <a 'java/lang/NoSuchMethodError'{0x0000000088b77950}: 'int java.lang.invoke.DirectMethodHandle$Holder.invokeStaticInit(java.lang.Object, java.lang.Object)'> (0x0000000088b77950) 
thrown [s\open\src\hotspot\share\interpreter\linkResolver.cpp, line 804]
Event: 0.599 Thread 0x000001a171060eb0 Exception <a 'java/lang/NoClassDefFoundError'{0x0000000088bb35a8}: javax/enterprise/inject/Typed> (0x0000000088bb35a8) 
thrown [s\open\src\hotspot\share\classfile\systemDictionary.cpp, line 316]
Event: 1.282 Thread 0x000001a171060eb0 Exception <a 'java/lang/NoSuchMethodError'{0x00000000898af2c8}: 'void java.lang.invoke.DirectMethodHandle$Holder.invokeStaticInit(java.lang.Object, java.lang.Object, java.lang.Object)'> (0x00000000898af2c8) 
thrown [s\open\src\hotspot\share\interpreter\linkResolver.cpp, line 804]
Event: 1.293 Thread 0x000001a171060eb0 Implicit null exception at 0x000001a107b38a20 to 0x000001a107b38bb8
Event: 1.296 Thread 0x000001a171060eb0 Exception <a 'java/lang/NoSuchMethodError'{0x000000008973cdb0}: 'java.lang.Object java.lang.invoke.Invokers$Holder.invokeExact_MT(java.lang.Object, int, java.lang.Object)'> (0x000000008973cdb0) 
thrown [s\open\src\hotspot\share\interpreter\linkResolver.cpp, line 804]
Event: 1.475 Thread 0x000001a171060eb0 Exception <a 'java/lang/NoSuchMethodError'{0x0000000088f6ebb0}: 'void java.lang.invoke.Invokers$Holder.invokeExact_MT(java.lang.Object, java.lang.Object, java.lang.Object, java.lang.Object)'> (0x0000000088f6ebb0) 
thrown [s\open\src\hotspot\share\interpreter\linkResolver.cpp, line 804]
Event: 1.491 Thread 0x000001a171060eb0 Exception <a 'java/lang/NoClassDefFoundError'{0x0000000088ff3ef0}: com/google/inject/servlet/ServletModuleTargetVisitor> (0x0000000088ff3ef0) 
thrown [s\open\src\hotspot\share\classfile\systemDictionary.cpp, line 316]
Event: 1.602 Thread 0x000001a171060eb0 Exception <a 'java/lang/NoSuchMethodError'{0x0000000088c71230}: 'java.lang.Object java.lang.invoke.DirectMethodHandle$Holder.invokeStaticInit(java.lang.Object, int, int, int, int)'> (0x0000000088c71230) 
thrown [s\open\src\hotspot\share\interpreter\linkResolver.cpp, line 804]
Event: 1.712 Thread 0x000001a171060eb0 Implicit null exception at 0x000001a107b014b6 to 0x000001a107b01eec
Event: 1.783 Thread 0x000001a171060eb0 Exception <a 'java/lang/NoSuchMethodError'{0x000000008874e938}: 'void java.lang.invoke.DirectMethodHandle$Holder.invokeSpecial(java.lang.Object, java.lang.Object, java.lang.Object, java.lang.Object, java.lang.Object)'> (0x000000008874e938) 
thrown [s\open\src\hotspot\share\interpreter\linkResolver.cpp, line 804]
Event: 1.787 Thread 0x000001a171060eb0 Exception <a 'java/lang/NoSuchMethodError'{0x0000000088787a20}: 'void java.lang.invoke.DirectMethodHandle$Holder.invokeSpecial(java.lang.Object, java.lang.Object, java.lang.Object, java.lang.Object, java.lang.Object, java.lang.Object)'> (0x0000000088787a20) 
thrown [s\open\src\hotspot\share\interpreter\linkResolver.cpp, line 804]
Event: 1.809 Thread 0x000001a171060eb0 Exception <a 'java/lang/NoSuchMethodError'{0x00000000886ce610}: 'java.lang.Object java.lang.invoke.DirectMethodHandle$Holder.invokeVirtual(java.lang.Object, java.lang.Object, java.lang.Object)'> (0x00000000886ce610) 
thrown [s\open\src\hotspot\share\interpreter\linkResolver.cpp, line 804]
Event: 1.875 Thread 0x000001a171060eb0 Exception <a 'java/lang/NoSuchMethodError'{0x00000000884f03c0}: 'void java.lang.invoke.DirectMethodHandle$Holder.invokeVirtual(java.lang.Object, java.lang.Object, int)'> (0x00000000884f03c0) 
thrown [s\open\src\hotspot\share\interpreter\linkResolver.cpp, line 804]
Event: 1.881 Thread 0x000001a171060eb0 Exception <a 'java/lang/NoSuchMethodError'{0x0000000088309428}: 'java.lang.Object java.lang.invoke.DirectMethodHandle$Holder.invokeStatic(java.lang.Object, java.lang.Object, java.lang.Object, java.lang.Object, int)'> (0x0000000088309428) 
thrown [s\open\src\hotspot\share\interpreter\linkResolver.cpp, line 804]
Event: 1.882 Thread 0x000001a171060eb0 Exception <a 'java/lang/NoSuchMethodError'{0x000000008831ab58}: 'void java.lang.invoke.DirectMethodHandle$Holder.invokeSpecial(java.lang.Object, java.lang.Object, java.lang.Object, int)'> (0x000000008831ab58) 
thrown [s\open\src\hotspot\share\interpreter\linkResolver.cpp, line 804]
Event: 1.882 Thread 0x000001a171060eb0 Exception <a 'java/lang/NoSuchMethodError'{0x0000000088322ef0}: 'void java.lang.invoke.DelegatingMethodHandle$Holder.reinvoke_L(java.lang.Object, java.lang.Object, int)'> (0x0000000088322ef0) 
thrown [s\open\src\hotspot\share\interpreter\linkResolver.cpp, line 804]

VM Operations (20 events):
Event: 1.324 Executing non-safepoint VM operation: HandshakeAllThreads (Deoptimize)
Event: 1.324 Executing non-safepoint VM operation: HandshakeAllThreads (Deoptimize) done
Event: 1.325 Executing non-safepoint VM operation: HandshakeAllThreads (Deoptimize)
Event: 1.325 Executing non-safepoint VM operation: HandshakeAllThreads (Deoptimize) done
Event: 1.369 Executing non-safepoint VM operation: HandshakeAllThreads (Deoptimize)
Event: 1.369 Executing non-safepoint VM operation: HandshakeAllThreads (Deoptimize) done
Event: 1.468 Executing non-safepoint VM operation: HandshakeAllThreads (Deoptimize)
Event: 1.469 Executing non-safepoint VM operation: HandshakeAllThreads (Deoptimize) done
Event: 1.544 Executing non-safepoint VM operation: HandshakeAllThreads (Deoptimize)
Event: 1.544 Executing non-safepoint VM operation: HandshakeAllThreads (Deoptimize) done
Event: 1.571 Executing non-safepoint VM operation: HandshakeAllThreads (Deoptimize)
Event: 1.571 Executing non-safepoint VM operation: HandshakeAllThreads (Deoptimize) done
Event: 1.617 Executing non-safepoint VM operation: HandshakeAllThreads (Deoptimize)
Event: 1.617 Executing non-safepoint VM operation: HandshakeAllThreads (Deoptimize) done
Event: 1.638 Executing non-safepoint VM operation: HandshakeAllThreads (Deoptimize)
Event: 1.638 Executing non-safepoint VM operation: HandshakeAllThreads (Deoptimize) done
Event: 1.673 Executing non-safepoint VM operation: HandshakeAllThreads (Deoptimize)
Event: 1.673 Executing non-safepoint VM operation: HandshakeAllThreads (Deoptimize) done
Event: 1.674 Executing non-safepoint VM operation: HandshakeAllThreads (Deoptimize)
Event: 1.674 Executing non-safepoint VM operation: HandshakeAllThreads (Deoptimize) done

Memory protections (0 events):
No events

Nmethod flushes (0 events):
No events

Events (16 events):
Event: 0.027 Thread 0x000001a171060eb0 Thread added: 0x000001a171060eb0
Event: 0.037 Thread 0x000001a171060eb0 Thread added: 0x000001a17f111460
Event: 0.037 Thread 0x000001a171060eb0 Thread added: 0x000001a17f111c20
Event: 0.038 Thread 0x000001a171060eb0 Thread added: 0x000001a17f113120
Event: 0.038 Thread 0x000001a171060eb0 Thread added: 0x000001a17f1145c0
Event: 0.038 Thread 0x000001a171060eb0 Thread added: 0x000001a17f126ce0
Event: 0.038 Thread 0x000001a171060eb0 Thread added: 0x000001a17f126510
Event: 0.038 Thread 0x000001a171060eb0 Thread added: 0x000001a17f1301a0
Event: 0.038 Thread 0x000001a171060eb0 Thread added: 0x000001a17f132dc0
Event: 0.046 Thread 0x000001a171060eb0 Thread added: 0x000001a17f125d40
Event: 0.048 Thread 0x000001a171060eb0 Thread added: 0x000001a17f1293f0
Event: 0.102 Thread 0x000001a17f132dc0 Thread added: 0x000001a17f2a7cd0
Event: 0.220 Thread 0x000001a171060eb0 Thread added: 0x000001a17f129bc0
Event: 0.232 Thread 0x000001a17f129bc0 Thread exited: 0x000001a17f129bc0
Event: 0.634 Thread 0x000001a17f132dc0 Thread added: 0x000001a1151e16f0
Event: 1.635 Thread 0x000001a171060eb0 Thread added: 0x000001a17f120c10


Dynamic libraries:
0x00007ff76f600000 - 0x00007ff76f610000 	C:\Program Files\Java\jdk-25.0.2\bin\java.exe
0x00007ff94f5a0000 - 0x00007ff94f807000 	C:\WINDOWS\SYSTEM32\ntdll.dll
0x00007ff94ef80000 - 0x00007ff94f049000 	C:\WINDOWS\System32\KERNEL32.DLL
0x00007ff94c1e0000 - 0x00007ff94c5d1000 	C:\WINDOWS\System32\KERNELBASE.dll
0x00007ff94c690000 - 0x00007ff94c7db000 	C:\WINDOWS\System32\ucrtbase.dll
0x00007ff90eb00000 - 0x00007ff90eb17000 	C:\Program Files\Java\jdk-25.0.2\bin\jli.dll
0x00007ff940860000 - 0x00007ff94087e000 	C:\Program Files\Java\jdk-25.0.2\bin\VCRUNTIME140.dll
0x00007ff94dc00000 - 0x00007ff94ddc5000 	C:\WINDOWS\System32\USER32.dll
0x00007ff94c1b0000 - 0x00007ff94c1d7000 	C:\WINDOWS\System32\win32u.dll
0x00007ff935250000 - 0x00007ff9354e3000 	C:\WINDOWS\WinSxS\amd64_microsoft.windows.common-controls_6595b64144ccf1df_6.0.26100.8037_none_3e092faae333b53b\COMCTL32.dll
0x00007ff94d340000 - 0x00007ff94d3e9000 	C:\WINDOWS\System32\msvcrt.dll
0x00007ff94e3b0000 - 0x00007ff94e3db000 	C:\WINDOWS\System32\GDI32.dll
0x00007ff94bf40000 - 0x00007ff94c06b000 	C:\WINDOWS\System32\gdi32full.dll
0x00007ff94c100000 - 0x00007ff94c1a3000 	C:\WINDOWS\System32\msvcp_win.dll
0x00007ff94ee40000 - 0x00007ff94ee71000 	C:\WINDOWS\System32\IMM32.DLL
0x00007ff9414b0000 - 0x00007ff9414bc000 	C:\Program Files\Java\jdk-25.0.2\bin\vcruntime140_1.dll
0x00007ff8f81b0000 - 0x00007ff8f823d000 	C:\Program Files\Java\jdk-25.0.2\bin\msvcp140.dll
0x00007ff8978a0000 - 0x00007ff8986ff000 	C:\Program Files\Java\jdk-25.0.2\bin\server\jvm.dll
0x00007ff94d930000 - 0x00007ff94d9eb000 	C:\WINDOWS\System32\ADVAPI32.dll
0x00007ff94d880000 - 0x00007ff94d927000 	C:\WINDOWS\System32\sechost.dll
0x00007ff94f0a0000 - 0x00007ff94f1b8000 	C:\WINDOWS\System32\RPCRT4.dll
0x00007ff94ddd0000 - 0x00007ff94de44000 	C:\WINDOWS\System32\WS2_32.dll
0x00007ff94bd00000 - 0x00007ff94bd5e000 	C:\WINDOWS\SYSTEM32\POWRPROF.dll
0x00007ff941410000 - 0x00007ff941445000 	C:\WINDOWS\SYSTEM32\WINMM.dll
0x00007ff93b0a0000 - 0x00007ff93b0ab000 	C:\WINDOWS\SYSTEM32\VERSION.dll
0x00007ff94bce0000 - 0x00007ff94bcf4000 	C:\WINDOWS\SYSTEM32\UMPDC.dll
0x00007ff94abd0000 - 0x00007ff94abeb000 	C:\WINDOWS\SYSTEM32\kernel.appcore.dll
0x00007ff9182d0000 - 0x00007ff9182da000 	C:\Program Files\Java\jdk-25.0.2\bin\jimage.dll
0x00007ff949810000 - 0x00007ff949a52000 	C:\WINDOWS\SYSTEM32\DBGHELP.DLL
0x00007ff94f1c0000 - 0x00007ff94f542000 	C:\WINDOWS\System32\combase.dll
0x00007ff94df90000 - 0x00007ff94e067000 	C:\WINDOWS\System32\OLEAUT32.dll
0x00007ff932570000 - 0x00007ff9325ab000 	C:\WINDOWS\SYSTEM32\dbgcore.DLL
0x00007ff94c5e0000 - 0x00007ff94c685000 	C:\WINDOWS\System32\bcryptPrimitives.dll
0x00007ff8f8440000 - 0x00007ff8f845f000 	C:\Program Files\Java\jdk-25.0.2\bin\java.dll
0x00007ff94eb80000 - 0x00007ff94ed15000 	C:\WINDOWS\System32\ole32.dll
0x00007ff94e410000 - 0x00007ff94eb6f000 	C:\WINDOWS\System32\SHELL32.dll
0x00007ff94c7e0000 - 0x00007ff94c94a000 	C:\WINDOWS\System32\wintypes.dll
0x00007ff94c950000 - 0x00007ff94d1b4000 	C:\WINDOWS\System32\windows.storage.dll
0x00007ff94ee80000 - 0x00007ff94ef77000 	C:\WINDOWS\System32\SHCORE.dll
0x00007ff94db90000 - 0x00007ff94dbf7000 	C:\WINDOWS\System32\shlwapi.dll
0x00007ff94bda0000 - 0x00007ff94bdc9000 	C:\WINDOWS\SYSTEM32\profapi.dll
0x00007ff8f8420000 - 0x00007ff8f8432000 	C:\Program Files\Java\jdk-25.0.2\bin\net.dll
0x00007ff94b120000 - 0x00007ff94b18b000 	C:\WINDOWS\system32\mswsock.dll
0x00007ff8f8400000 - 0x00007ff8f8416000 	C:\Program Files\Java\jdk-25.0.2\bin\nio.dll
0x00007ff8f8190000 - 0x00007ff8f81a7000 	C:\Program Files\Java\jdk-25.0.2\bin\zip.dll
0x00007ff8f8160000 - 0x00007ff8f8184000 	C:\Users\ragha\.m2\wrapper\dists\apache-maven-3.9.12\59fe215c0ad6947fea90184bf7add084544567b927287592651fda3782e0e798\lib\jansi-native\Windows\x86_64\jansi.dll
0x00007ff9157c0000 - 0x00007ff9157d0000 	C:\Program Files\Java\jdk-25.0.2\bin\verify.dll

JVMTI agents: none

dbghelp: loaded successfully - version: 4.0.5 - missing functions: none
symbol engine: initialized successfully - sym options: 0x614 - pdb path: .;C:\Program Files\Java\jdk-25.0.2\bin;C:\WINDOWS\SYSTEM32;C:\WINDOWS\WinSxS\amd64_microsoft.windows.common-controls_6595b64144ccf1df_6.0.26100.8037_none_3e092faae333b53b;C:\Program Files\Java\jdk-25.0.2\bin\server;C:\Users\ragha\.m2\wrapper\dists\apache-maven-3.9.12\59fe215c0ad6947fea90184bf7add084544567b927287592651fda3782e0e798\lib\jansi-native\Windows\x86_64

VM Arguments:
jvm_args: --enable-native-access=ALL-UNNAMED -Dclassworlds.conf=C:\Users\ragha\.m2\wrapper\dists\apache-maven-3.9.12\59fe215c0ad6947fea90184bf7add084544567b927287592651fda3782e0e798\bin\m2.conf -Dmaven.home=C:\Users\ragha\.m2\wrapper\dists\apache-maven-3.9.12\59fe215c0ad6947fea90184bf7add084544567b927287592651fda3782e0e798 -Dlibrary.jansi.path=C:\Users\ragha\.m2\wrapper\dists\apache-maven-3.9.12\59fe215c0ad6947fea90184bf7add084544567b927287592651fda3782e0e798\lib\jansi-native -Dmaven.multiModuleProjectDirectory=C:\Users\ragha\OneDrive\Desktop\backend 
java_command: org.codehaus.plexus.classworlds.launcher.Launcher spring-boot:run
java_class_path (initial): C:\Users\ragha\.m2\wrapper\dists\apache-maven-3.9.12\59fe215c0ad6947fea90184bf7add084544567b927287592651fda3782e0e798\boot\plexus-classworlds-2.9.0.jar
Launcher Type: SUN_STANDARD

[Global flags]
     intx CICompilerCount                          = 4                                         {product} {ergonomic}
     uint ConcGCThreads                            = 2                                         {product} {ergonomic}
     uint G1ConcRefinementThreads                  = 8                                         {product} {ergonomic}
   size_t G1HeapRegionSize                         = 1048576                                   {product} {ergonomic}
   size_t InitialHeapSize                          = 134217728                                 {product} {ergonomic}
   size_t MarkStackSize                            = 4194304                                   {product} {ergonomic}
   size_t MarkStackSizeMax                         = 536870912                                 {product} {ergonomic}
   size_t MaxHeapSize                              = 2116026368                                {product} {ergonomic}
   size_t MaxNewSize                               = 1268776960                                {product} {ergonomic}
   size_t MinHeapDeltaBytes                        = 1048576                                   {product} {ergonomic}
   size_t MinHeapSize                              = 8388608                                   {product} {ergonomic}
    uintx NonNMethodCodeHeapSize                   = 5832704                                {pd product} {ergonomic}
    uintx NonProfiledCodeHeapSize                  = 122945536                              {pd product} {ergonomic}
    uintx ProfiledCodeHeapSize                     = 122880000                              {pd product} {ergonomic}
    uintx ReservedCodeCacheSize                    = 251658240                              {pd product} {ergonomic}
     bool SegmentedCodeCache                       = true                                      {product} {ergonomic}
   size_t SoftMaxHeapSize                          = 2116026368                             {manageable} {ergonomic}
     bool UseCompressedOops                        = true                           {product lp64_product} {ergonomic}
     bool UseG1GC                                  = true                                      {product} {ergonomic}
     bool UseLargePagesIndividualAllocation        = false                                  {pd product} {ergonomic}

Logging:
Log output configuration:
 #0: stdout all=warning uptime,level,tags foldmultilines=false
 #1: stderr all=off uptime,level,tags foldmultilines=false

Release file:
IMPLEMENTOR="Oracle Corporation" 
JAVA_RUNTIME_VERSION="25.0.2+10-LTS-69" 
JAVA_VERSION="25.0.2" 
JAVA_VERSION_DATE="2026-01-20" 
LIBC="default" 
MODULES="java.base java.compiler java.datatransfer java.xml java.prefs java.desktop java.instrument java.logging java.management java.security.sasl java.naming java.rmi java.management.rmi java.net.http java.scripting java.security.jgss java.transaction.xa java.sql java.sql.rowset java.xml.crypto java.se java.smartcardio jdk.accessibility jdk.internal.jvmstat jdk.attach jdk.charsets jdk.internal.opt jdk.zipfs jdk.compiler jdk.crypto.cryptoki jdk.crypto.ec jdk.crypto.mscapi jdk.dynalink jdk.internal.ed jdk.editpad jdk.internal.vm.ci jdk.graal.compiler jdk.graal.compiler.management jdk.hotspot.agent jdk.httpserver jdk.incubator.vector jdk.internal.le jdk.internal.md jdk.jartool jdk.javadoc jdk.jcmd jdk.management jdk.management.agent jdk.jconsole jdk.jdeps jdk.jdwp.agent jdk.jdi jdk.jfr jdk.jlink jdk.jpackage jdk.jshell jdk.jsobject jdk.jstatd jdk.localedata jdk.management.jfr jdk.naming.dns jdk.naming.rmi jdk.net jdk.nio.mapmode jdk.sctp jdk.security.auth jdk.security.jgss jdk.unsupported jdk.unsupported.desktop jdk.xml.dom" 
OS_ARCH="x86_64" 
OS_NAME="Windows" 
SOURCE=".:git:b75efb40c93a open:git:405a5699ebd0" 

Environment Variables:
PATH=C:\Users\ragha\AppData\Local\Programs\Microsoft VS Code;C:\Program Files\Common Files\Oracle\Java\javapath;C:\WINDOWS\system32;C:\WINDOWS;C:\WINDOWS\System32\Wbem;C:\WINDOWS\System32\WindowsPowerShell\v1.0\;C:\WINDOWS\System32\OpenSSH\;C:\Program Files\Docker\Docker\resources\bin;C:\Program Files\nodejs\;C:\Program Files\Git\cmd;C:\Users\ragha\AppData\Local\Microsoft\WindowsApps;C:\Users\ragha\AppData\Local\Programs\Microsoft VS Code\bin;C:\Users\ragha\AppData\Roaming\npm
USERNAME=ragha
LANG=en_US.UTF-8
OS=Windows_NT
PROCESSOR_IDENTIFIER=Intel64 Family 6 Model 142 Stepping 10, GenuineIntel
TMP=C:\Users\ragha\AppData\Local\Temp
TEMP=C:\Users\ragha\AppData\Local\Temp




Compilation memory statistics disabled.

Periodic native trim disabled

---------------  S Y S T E M  ---------------

OS:
 Windows 11 , 64 bit Build 26100 (10.0.26100.7920)
OS uptime: 0 days 16:12 hours
Hyper-V role detected

CPU: total 8 (initial active 8) (4 cores per cpu, 2 threads per core) family 6 model 142 stepping 10 microcode 0xec, cx8, cmov, fxsr, ht, mmx, 3dnowpref, sse, sse2, sse3, ssse3, sse4.1, sse4.2, popcnt, lzcnt, tsc, tscinvbit, avx, avx2, aes, erms, clmul, bmi1, bmi2, rtm, adx, fma, vzeroupper, clflush, clflushopt, hv, rdtscp, f16c
Processor Information for the first 8 processors :
  Max Mhz: 2112, Current Mhz: 1910, Mhz Limit: 1900

Memory: 4k page, system-wide physical 8070M (1127M free)
TotalPageFile size 16260M (AvailPageFile size 4M)
current process WorkingSet (physical memory assigned to process): 151M, peak: 151M
current process commit charge ("private bytes"): 261M, peak: 267M

vm_info: Java HotSpot(TM) 64-Bit Server VM (25.0.2+10-LTS-69) for windows-amd64 JRE (25.0.2+10-LTS-69), built on 2025-12-18T11:36:35Z with MS VC++ 17.13 (VS2022)

END.
